<?xml version="1.0" encoding="UTF-8"?>
<config>
		    
		<champ><tag>textarea</tag><label>Text Area</label><type>textarea</type><name>textarea_0</name><id>textarea_0</id><dbType>text</dbType></champ><champ><tag>textarea</tag><label>Text Area</label><type>textarea</type><name>textarea_1</name><id>textarea_1</id><dbType>text</dbType></champ><champ><tag>input</tag><label>Text Input</label><type>text</type><name>textinput_2</name><id>textinput_2</id><dbType>varchar(50)</dbType></champ><champ><tag>input</tag><label>Multiple Radios</label><type>radio</type><name>radios_3</name><id>radios_3</id><dbType>varchar(20)</dbType><options><option><name>                                                                                  Option one                                     </name><value>1</value></option><option><name>                                                                                  Option two                                     </name><value>2</value></option></options></champ><champ><tag>input</tag><label>Multiple Radios</label><type>radio</type><name>radios_4</name><id>radios_4</id><dbType>varchar(20)</dbType><options><option><name>                                                                                  Option one                                     </name><value>1</value></option><option><name>                                                                                  Option two                                     </name><value>2</value></option></options></champ><champ><tag>textarea</tag><label>Text Area</label><type>textarea</type><name>textarea_5</name><id>textarea_5</id><dbType>text</dbType></champ><champ><tag>input</tag><label>Multiple Radios</label><type>radio</type><name>radios_6</name><id>radios_6</id><dbType>varchar(20)</dbType><options><option><name>                                                                                  Option one                                     </name><value>1</value></option><option><name>                                                                                  Option two                                     </name><value>2</value></option></options></champ><champ><tag>input</tag><label>Multiple Radios</label><type>radio</type><name>radios_7</name><id>radios_7</id><dbType>varchar(20)</dbType><options><option><name>                                                                                  Option one                                     </name><value>1</value></option><option><name>                                                                                  Option two                                     </name><value>2</value></option></options></champ><champ><tag>input</tag><label>Multi-Checkboxes</label><type>checkbox</type><name>checkboxes_8</name><id>checkboxes_8</id><dbType>varchar(255)</dbType><options><option><name>                                                                                  Option one                                     </name><value>1</value></option><option><name>                                                                                  Option two                                     </name><value>2</value></option></options></champ><champ><tag>input</tag><label>Multi-Checkboxes</label><type>checkbox</type><name>checkboxes_9</name><id>checkboxes_9</id><dbType>varchar(255)</dbType><options><option><name>                                                                                  Option one                                     </name><value>1</value></option><option><name>                                                                                  Option two                                     </name><value>2</value></option></options></champ><champ><tag>input</tag><label>Multi-Checkboxes</label><type>checkbox</type><name>checkboxes_10</name><id>checkboxes_10</id><dbType>varchar(255)</dbType><options><option><name>                                                                                  Option one                                     </name><value>1</value></option><option><name>                                                                                  Option two                                     </name><value>2</value></option></options></champ><champ><tag>input</tag><label>Multi-Checkboxes</label><type>checkbox</type><name>checkboxes_11</name><id>checkboxes_11</id><dbType>varchar(255)</dbType><options><option><name>                                                                                  Option one                                     </name><value>1</value></option><option><name>                                                                                  Option two                                     </name><value>2</value></option></options></champ><champ><tag>input</tag><label>Multi-Checkboxes</label><type>checkbox</type><name>checkboxes_12</name><id>checkboxes_12</id><dbType>varchar(255)</dbType><options><option><name>                                                                                  Option one                                     </name><value>1</value></option><option><name>                                                                                  Option two                                     </name><value>2</value></option></options></champ><champ><tag>input</tag><label>Multi-Checkboxes</label><type>checkbox</type><name>checkboxes_13</name><id>checkboxes_13</id><dbType>varchar(255)</dbType><options><option><name>                                                                                  Option one                                     </name><value>1</value></option><option><name>                                                                                  Option two                                     </name><value>2</value></option></options></champ><champ><tag>input</tag><label>Multiple Radios</label><type>radio</type><name>radios_14</name><id>radios_14</id><dbType>varchar(20)</dbType><options><option><name>                                                                                  Option one                                     </name><value>1</value></option><option><name>                                                                                  Option two                                     </name><value>2</value></option></options></champ><champ><tag>input</tag><label>Multi-Checkboxes</label><type>checkbox</type><name>checkboxes_15</name><id>checkboxes_15</id><dbType>varchar(255)</dbType><options><option><name>                                                                                  Option one                                     </name><value>1</value></option><option><name>                                                                                  Option two                                     </name><value>2</value></option></options></champ><champ><tag>input</tag><label>Multi-Checkboxes</label><type>checkbox</type><name>checkboxes_16</name><id>checkboxes_16</id><dbType>varchar(255)</dbType><options><option><name>                                                                                  Option one                                     </name><value>1</value></option><option><name>                                                                                  Option two                                     </name><value>2</value></option></options></champ><champ><tag>input</tag><label>Multi-Checkboxes</label><type>checkbox</type><name>checkboxes_17</name><id>checkboxes_17</id><dbType>varchar(255)</dbType><options><option><name>                                                                                  Option one                                     </name><value>1</value></option><option><name>                                                                                  Option two                                     </name><value>2</value></option></options></champ><champ><tag>input</tag><label>Multi-Checkboxes</label><type>checkbox</type><name>checkboxes_18</name><id>checkboxes_18</id><dbType>varchar(255)</dbType><options><option><name>                                                                                  Option one                                     </name><value>1</value></option><option><name>                                                                                  Option two                                     </name><value>2</value></option></options></champ><champ><tag>input</tag><label>Multi-Checkboxes</label><type>checkbox</type><name>checkboxes_19</name><id>checkboxes_19</id><dbType>varchar(255)</dbType><options><option><name>                                                                                  Option one                                     </name><value>1</value></option><option><name>                                                                                  Option two                                     </name><value>2</value></option></options></champ><champ><tag>input</tag><label>Multi-Checkboxes</label><type>checkbox</type><name>checkboxes_20</name><id>checkboxes_20</id><dbType>varchar(255)</dbType><options><option><name>                                                                                  Option one                                     </name><value>1</value></option><option><name>                                                                                  Option two                                     </name><value>2</value></option></options></champ><champ><tag>input</tag><label>Multi-Checkboxes</label><type>checkbox</type><name>checkboxes_21</name><id>checkboxes_21</id><dbType>varchar(255)</dbType><options><option><name>                                                                                  Option one                                     </name><value>1</value></option><option><name>                                                                                  Option two                                     </name><value>2</value></option></options></champ><champ><tag>input</tag><label>Multiple Radios</label><type>radio</type><name>radios_22</name><id>radios_22</id><dbType>varchar(20)</dbType><options><option><name>                                                                                  Option one                                     </name><value>1</value></option><option><name>                                                                                  Option two                                     </name><value>2</value></option></options></champ></config>
