<?xml version="1.0" encoding="UTF-8"?>
<config>
		    
		<champ><tag>input</tag><label>What is you Hobbies ?</label><type>checkbox</type><name>Hobbies</name><id>Hobbies</id><dbType>varchar(255)</dbType><options><option><name>Option one</name><value>1</value></option><option><name>Option two</name><value>2</value></option></options></champ><champ><tag>input</tag><label>your sport ?</label><type>checkbox</type><name>sport</name><id>sport</id><dbType>varchar(255)</dbType><options><option><name>Option one</name><value>1</value></option><option><name>Option two</name><value>2</value></option></options></champ><champ><tag>input</tag><label>Your color ?</label><type>radio</type><name>Color</name><id>Color</id><dbType>varchar(20)</dbType><options><option><name>Option one</name><value>1</value></option><option><name>Option two</name><value>2</value></option></options></champ><champ><tag>input</tag><label>your gender</label><type>radio</type><name>gender</name><id>gender</id><dbType>varchar(20)</dbType><options><option><name>Option one</name><value>1</value></option><option><name>Option two</name><value>2</value></option></options></champ></config>
